DEBUG main one.TestLog4j - 调试信息
INFO main one.TestLog4j - 输出信息
WARN main one.TestLog4j - 警告信息
ERROR main one.TestLog4j - 错误信息
FATAL main one.TestLog4j - 致命信息
DEBUG main one.TestLog4j - 调试信息
INFO main one.TestLog4j - 输出信息
WARN main one.TestLog4j - 警告信息
ERROR main one.TestLog4j - 错误信息
FATAL main one.TestLog4j - 致命信息
DEBUG main one.TestLog4j - 调试信息
INFO main one.TestLog4j - 输出信息
WARN main one.TestLog4j - 警告信息
ERROR main one.TestLog4j - 错误信息
FATAL main one.TestLog4j - 致命信息
DEBUG main one.TestLog4j - 调试信息
INFO main one.TestLog4j - 输出信息
WARN main one.TestLog4j - 警告信息
ERROR main one.TestLog4j - 错误信息
FATAL main one.TestLog4j - 致命信息
DEBUG main one.TestLog4j - 调试信息
INFO main one.TestLog4j - 输出信息
WARN main one.TestLog4j - 警告信息
ERROR main one.TestLog4j - 错误信息
FATAL main one.TestLog4j - 致命信息
